<?xml version="1.0" encoding="UTF-8"?>
<!-- Generated by org.testng.reporters.JUnitXMLReporter -->
<testsuite ignored="0" hostname="Manav-PC" failures="0" tests="6" name="Surefire test" time="0.073" errors="0" timestamp="2020-04-15T13:33:43 IST">
  <testcase classname="qaclickacademy.AppiumTest" name="AppleApps" time="0.007"/>
  <testcase classname="qaclickacademy.AppiumTest" name="NativeApps" time="0.0"/>
  <testcase classname="qaclickacademy.RESTAPITest" name="Insta" time="0.002"/>
  <testcase classname="qaclickacademy.RESTAPITest" name="Twitter" time="0.0"/>
  <testcase classname="qaclickacademy.SeleniumTest" name="BrowserAuto" time="0.0"/>
  <testcase classname="qaclickacademy.SeleniumTest" name="BrowserCasual" time="0.0"/>
</testsuite> <!-- Surefire test -->
