<?xml version="1.0" encoding="UTF-8"?>
<!-- Generated by org.testng.reporters.JUnitXMLReporter -->
<testsuite ignored="0" hostname="Manav-PC" failures="0" tests="4" name="Test" time="0.062" errors="0" timestamp="2020-04-15T13:35:22 IST">
  <testcase classname="qaclickacademy.SeleniumTest" name="BrowserAuto" time="0.007"/>
  <testcase classname="qaclickacademy.SeleniumTest" name="BrowserCasual" time="0.002"/>
  <testcase classname="qaclickacademy.RESTAPITest" name="Insta" time="0.0"/>
  <testcase classname="qaclickacademy.RESTAPITest" name="Twitter" time="0.002"/>
</testsuite> <!-- Test -->
