<?xml version="1.0" encoding="UTF-8"?>
<testng-results ignored="0" total="4" passed="4" failed="0" skipped="0">
  <reporter-output>
  </reporter-output>
  <suite started-at="2020-04-15T13:35:22 IST" name="Suite" finished-at="2020-04-15T13:35:22 IST" duration-ms="62">
    <groups>
    </groups>
    <test started-at="2020-04-15T13:35:22 IST" name="Test" finished-at="2020-04-15T13:35:22 IST" duration-ms="62">
      <class name="qaclickacademy.RESTAPITest">
        <test-method signature="Twitter()[pri:0, instance:qaclickacademy.RESTAPITest@609db43b]" started-at="2020-04-15T13:35:22 IST" name="Twitter" finished-at="2020-04-15T13:35:22 IST" duration-ms="2" status="PASS">
          <reporter-output>
          </reporter-output>
        </test-method> <!-- Twitter -->
        <test-method signature="Insta()[pri:0, instance:qaclickacademy.RESTAPITest@609db43b]" started-at="2020-04-15T13:35:22 IST" name="Insta" finished-at="2020-04-15T13:35:22 IST" duration-ms="0" status="PASS">
          <reporter-output>
          </reporter-output>
        </test-method> <!-- Insta -->
      </class> <!-- qaclickacademy.RESTAPITest -->
      <class name="qaclickacademy.SeleniumTest">
        <test-method signature="BrowserAuto()[pri:0, instance:qaclickacademy.SeleniumTest@3c947bc5]" started-at="2020-04-15T13:35:22 IST" name="BrowserAuto" finished-at="2020-04-15T13:35:22 IST" duration-ms="7" status="PASS">
          <reporter-output>
          </reporter-output>
        </test-method> <!-- BrowserAuto -->
        <test-method signature="BrowserCasual()[pri:0, instance:qaclickacademy.SeleniumTest@3c947bc5]" started-at="2020-04-15T13:35:22 IST" name="BrowserCasual" finished-at="2020-04-15T13:35:22 IST" duration-ms="2" status="PASS">
          <reporter-output>
          </reporter-output>
        </test-method> <!-- BrowserCasual -->
      </class> <!-- qaclickacademy.SeleniumTest -->
    </test> <!-- Test -->
  </suite> <!-- Suite -->
</testng-results>
